<?xml version="1.0" encoding="UTF-8"?>
<!-- Generated by org.testng.reporters.JUnitXMLReporter -->
<testsuite ignored="0" hostname="Anamul" failures="0" tests="4" name="Default test" time="14.441" errors="0" timestamp="2022-04-23T15:10:31 BDT">
  <testcase classname="numbereight.RegistrationPage" name="emailPasswordSetup" time="0.386"/>
  <testcase classname="numbereight.RegistrationPage" name="personalInformationSetup" time="3.274"/>
  <testcase classname="numbereight.RegistrationPage" name="softwareLicense" time="1.419"/>
  <testcase classname="numbereight.RegistrationPage" name="registrationVerification" time="2.031"/>
</testsuite> <!-- Default test -->
