<?xml version="1.0" encoding="UTF-8"?>
<testng-results ignored="0" total="4" passed="4" failed="0" skipped="0">
  <reporter-output>
  </reporter-output>
  <suite started-at="2022-04-23T15:10:17 BDT" name="Default suite" finished-at="2022-04-23T15:10:31 BDT" duration-ms="14441">
    <groups>
    </groups>
    <test started-at="2022-04-23T15:10:17 BDT" name="Default test" finished-at="2022-04-23T15:10:31 BDT" duration-ms="14441">
      <class name="numbereight.RegistrationPage">
        <test-method is-config="true" signature="setExtent()[pri:0, instance:numbereight.RegistrationPage@576d5deb]" started-at="2022-04-23T15:10:17 BDT" name="setExtent" finished-at="2022-04-23T15:10:17 BDT" duration-ms="157" status="PASS">
          <reporter-output>
          </reporter-output>
        </test-method> <!-- setExtent -->
        <test-method is-config="true" signature="setup()[pri:0, instance:numbereight.RegistrationPage@576d5deb]" started-at="2022-04-23T15:10:17 BDT" name="setup" finished-at="2022-04-23T15:10:24 BDT" duration-ms="6916" status="PASS">
          <reporter-output>
          </reporter-output>
        </test-method> <!-- setup -->
        <test-method signature="emailPasswordSetup()[pri:0, instance:numbereight.RegistrationPage@576d5deb]" started-at="2022-04-23T15:10:24 BDT" name="emailPasswordSetup" finished-at="2022-04-23T15:10:24 BDT" duration-ms="386" status="PASS">
          <reporter-output>
          </reporter-output>
        </test-method> <!-- emailPasswordSetup -->
        <test-method is-config="true" signature="tearDown(org.testng.ITestResult)[pri:0, instance:numbereight.RegistrationPage@576d5deb]" started-at="2022-04-23T15:10:24 BDT" name="tearDown" finished-at="2022-04-23T15:10:24 BDT" duration-ms="6" status="PASS">
          <params>
            <param index="0">
              <value>
                <![CDATA[[TestResult name=emailPasswordSetup status=SUCCESS method=RegistrationPage.emailPasswordSetup()[pri:0, instance:numbereight.RegistrationPage@576d5deb] output={null}]]]>
              </value>
            </param>
          </params>
          <reporter-output>
          </reporter-output>
        </test-method> <!-- tearDown -->
        <test-method signature="personalInformationSetup()[pri:1, instance:numbereight.RegistrationPage@576d5deb]" started-at="2022-04-23T15:10:24 BDT" name="personalInformationSetup" finished-at="2022-04-23T15:10:28 BDT" duration-ms="3274" status="PASS">
          <reporter-output>
          </reporter-output>
        </test-method> <!-- personalInformationSetup -->
        <test-method signature="softwareLicense()[pri:2, instance:numbereight.RegistrationPage@576d5deb]" started-at="2022-04-23T15:10:28 BDT" name="softwareLicense" finished-at="2022-04-23T15:10:29 BDT" duration-ms="1419" status="PASS">
          <reporter-output>
          </reporter-output>
        </test-method> <!-- softwareLicense -->
        <test-method is-config="true" signature="tearDown(org.testng.ITestResult)[pri:0, instance:numbereight.RegistrationPage@576d5deb]" started-at="2022-04-23T15:10:28 BDT" name="tearDown" finished-at="2022-04-23T15:10:28 BDT" duration-ms="0" status="PASS">
          <params>
            <param index="0">
              <value>
                <![CDATA[[TestResult name=personalInformationSetup status=SUCCESS method=RegistrationPage.personalInformationSetup()[pri:1, instance:numbereight.RegistrationPage@576d5deb] output={null}]]]>
              </value>
            </param>
          </params>
          <reporter-output>
          </reporter-output>
        </test-method> <!-- tearDown -->
        <test-method is-config="true" signature="tearDown(org.testng.ITestResult)[pri:0, instance:numbereight.RegistrationPage@576d5deb]" started-at="2022-04-23T15:10:29 BDT" name="tearDown" finished-at="2022-04-23T15:10:29 BDT" duration-ms="0" status="PASS">
          <params>
            <param index="0">
              <value>
                <![CDATA[[TestResult name=softwareLicense status=SUCCESS method=RegistrationPage.softwareLicense()[pri:2, instance:numbereight.RegistrationPage@576d5deb] output={null}]]]>
              </value>
            </param>
          </params>
          <reporter-output>
          </reporter-output>
        </test-method> <!-- tearDown -->
        <test-method signature="registrationVerification()[pri:3, instance:numbereight.RegistrationPage@576d5deb]" started-at="2022-04-23T15:10:29 BDT" name="registrationVerification" finished-at="2022-04-23T15:10:31 BDT" duration-ms="2031" status="PASS">
          <reporter-output>
          </reporter-output>
        </test-method> <!-- registrationVerification -->
        <test-method is-config="true" signature="tearDown(org.testng.ITestResult)[pri:0, instance:numbereight.RegistrationPage@576d5deb]" started-at="2022-04-23T15:10:31 BDT" name="tearDown" finished-at="2022-04-23T15:10:31 BDT" duration-ms="1" status="PASS">
          <params>
            <param index="0">
              <value>
                <![CDATA[[TestResult name=registrationVerification status=SUCCESS method=RegistrationPage.registrationVerification()[pri:3, instance:numbereight.RegistrationPage@576d5deb] output={null}]]]>
              </value>
            </param>
          </params>
          <reporter-output>
          </reporter-output>
        </test-method> <!-- tearDown -->
        <test-method is-config="true" signature="endReport()[pri:0, instance:numbereight.RegistrationPage@576d5deb]" started-at="2022-04-23T15:10:31 BDT" name="endReport" finished-at="2022-04-23T15:10:31 BDT" duration-ms="221" status="PASS">
          <reporter-output>
          </reporter-output>
        </test-method> <!-- endReport -->
      </class> <!-- numbereight.RegistrationPage -->
    </test> <!-- Default test -->
  </suite> <!-- Default suite -->
</testng-results>
